Fri Feb 21 13:52:49 2025

        === AI COMMAND REPORT ===
        Health: 100% | Ammo: 10 | Kills: 0
        Last Actions:
        - patrol: 1 times
        Current Priorities: {'patrol': 1}
        
Fri Feb 21 13:52:51 2025

        === AI COMMAND REPORT ===
        Health: 100% | Ammo: 10 | Kills: 0
        Last Actions:
        - patrol: 2 times
        Current Priorities: {'patrol': 2}
        
Fri Feb 21 13:52:53 2025

        === AI COMMAND REPORT ===
        Health: 100% | Ammo: 10 | Kills: 0
        Last Actions:
        - patrol: 3 times
        Current Priorities: {'patrol': 3}
        
Fri Feb 21 13:52:55 2025

        === AI COMMAND REPORT ===
        Health: 100% | Ammo: 10 | Kills: 0
        Last Actions:
        - patrol: 4 times
        Current Priorities: {'patrol': 4}
        
Fri Feb 21 13:52:57 2025

        === AI COMMAND REPORT ===
        Health: 100% | Ammo: 10 | Kills: 0
        Last Actions:
        - patrol: 5 times
        Current Priorities: {'patrol': 5}
        
Fri Feb 21 13:52:59 2025

        === AI COMMAND REPORT ===
        Health: 100% | Ammo: 10 | Kills: 0
        Last Actions:
        - patrol: 6 times
        Current Priorities: {'patrol': 6}
        
Fri Feb 21 13:53:01 2025

        === AI COMMAND REPORT ===
        Health: 100% | Ammo: 10 | Kills: 0
        Last Actions:
        - patrol: 7 times
        Current Priorities: {'patrol': 7}
        
Fri Feb 21 13:53:03 2025

        === AI COMMAND REPORT ===
        Health: 100% | Ammo: 10 | Kills: 0
        Last Actions:
        - patrol: 8 times
        Current Priorities: {'patrol': 8}
        
Fri Feb 21 13:53:05 2025

        === AI COMMAND REPORT ===
        Health: 100% | Ammo: 10 | Kills: 0
        Last Actions:
        - patrol: 9 times
        Current Priorities: {'patrol': 9}
        
Fri Feb 21 13:53:07 2025

        === AI COMMAND REPORT ===
        Health: 100% | Ammo: 10 | Kills: 0
        Last Actions:
        - patrol: 10 times
        Current Priorities: {'patrol': 10}
        
Fri Feb 21 13:53:08 2025

        === AI COMMAND REPORT ===
        Health: 100% | Ammo: 10 | Kills: 0
        Last Actions:
        - patrol: 11 times
        Current Priorities: {'patrol': 11}
        
Fri Feb 21 13:53:10 2025

        === AI COMMAND REPORT ===
        Health: 100% | Ammo: 10 | Kills: 0
        Last Actions:
        - patrol: 12 times
        Current Priorities: {'patrol': 12}
        
Fri Feb 21 13:57:14 2025

        === AI COMMAND REPORT ===
        Health: 100% | Ammo: 10 | Kills: 0
        Last Actions:
        - patrol: 1 times
        Current Priorities: {'patrol': 1}
        
Fri Feb 21 13:57:15 2025

        === AI COMMAND REPORT ===
        Health: 100% | Ammo: 10 | Kills: 0
        Last Actions:
        - patrol: 2 times
        Current Priorities: {'patrol': 2}
        
Fri Feb 21 13:57:17 2025

        === AI COMMAND REPORT ===
        Health: 100% | Ammo: 10 | Kills: 0
        Last Actions:
        - patrol: 3 times
        Current Priorities: {'patrol': 3}
        
Fri Feb 21 13:57:19 2025

        === AI COMMAND REPORT ===
        Health: 100% | Ammo: 10 | Kills: 0
        Last Actions:
        - patrol: 4 times
        Current Priorities: {'patrol': 4}
        
Fri Feb 21 13:57:20 2025

        === AI COMMAND REPORT ===
        Health: 100% | Ammo: 10 | Kills: 0
        Last Actions:
        - patrol: 5 times
        Current Priorities: {'patrol': 5}
        
Fri Feb 21 13:57:22 2025

        === AI COMMAND REPORT ===
        Health: 100% | Ammo: 10 | Kills: 0
        Last Actions:
        - patrol: 6 times
        Current Priorities: {'patrol': 6}
        
Fri Feb 21 13:57:24 2025

        === AI COMMAND REPORT ===
        Health: 100% | Ammo: 10 | Kills: 0
        Last Actions:
        - patrol: 7 times
        Current Priorities: {'patrol': 7}
        
Fri Feb 21 13:57:26 2025

        === AI COMMAND REPORT ===
        Health: 100% | Ammo: 10 | Kills: 0
        Last Actions:
        - patrol: 8 times
        Current Priorities: {'patrol': 8}
        
Fri Feb 21 13:57:27 2025

        === AI COMMAND REPORT ===
        Health: 100% | Ammo: 10 | Kills: 0
        Last Actions:
        - patrol: 9 times
        Current Priorities: {'patrol': 9}
        
Fri Feb 21 13:57:29 2025

        === AI COMMAND REPORT ===
        Health: 100% | Ammo: 10 | Kills: 0
        Last Actions:
        - patrol: 10 times
        Current Priorities: {'patrol': 10}
        
Fri Feb 21 13:57:31 2025

        === AI COMMAND REPORT ===
        Health: 100% | Ammo: 10 | Kills: 0
        Last Actions:
        - patrol: 11 times
        Current Priorities: {'patrol': 11}
        
Fri Feb 21 13:57:32 2025

        === AI COMMAND REPORT ===
        Health: 100% | Ammo: 10 | Kills: 0
        Last Actions:
        - patrol: 12 times
        Current Priorities: {'patrol': 12}
        
Fri Feb 21 13:57:34 2025

        === AI COMMAND REPORT ===
        Health: 100% | Ammo: 10 | Kills: 0
        Last Actions:
        - patrol: 13 times
        Current Priorities: {'patrol': 13}
        
Fri Feb 21 13:57:36 2025

        === AI COMMAND REPORT ===
        Health: 100% | Ammo: 10 | Kills: 0
        Last Actions:
        - patrol: 14 times
        Current Priorities: {'patrol': 14}
        
Fri Feb 21 13:57:37 2025

        === AI COMMAND REPORT ===
        Health: 100% | Ammo: 10 | Kills: 0
        Last Actions:
        - patrol: 15 times
        Current Priorities: {'patrol': 15}
        
